[debug] [2022-05-26T16:14:03.582Z] ----------------------------------------------------------------------
[debug] [2022-05-26T16:14:03.583Z] Command:       C:\Program Files\nodejs\node.exe C:\Users\Md. Saikat Hossain\AppData\Roaming\npm\node_modules\firebase-tools\lib\bin\firebase.js deploy
[debug] [2022-05-26T16:14:03.583Z] CLI Version:   10.6.0
[debug] [2022-05-26T16:14:03.584Z] Platform:      win32
[debug] [2022-05-26T16:14:03.584Z] Node Version:  v16.13.1
[debug] [2022-05-26T16:14:03.591Z] Time:          Thu May 26 2022 22:14:03 GMT+0600 (Bangladesh Standard Time)
[debug] [2022-05-26T16:14:03.592Z] ----------------------------------------------------------------------
[debug] 
[debug] [2022-05-26T16:14:03.644Z] > command requires scopes: ["email","openid","https://www.googleapis.com/auth/cloudplatformprojects.readonly","https://www.googleapis.com/auth/firebase","https://www.googleapis.com/auth/cloud-platform"]
[debug] [2022-05-26T16:14:03.644Z] > authorizing via signed-in user (mdsaikathosan048@gmail.com)
[debug] [2022-05-26T16:14:03.644Z] [iam] checking project my-assignment-12-a79f4 for permissions ["firebase.projects.get","firebasehosting.sites.update"]
[debug] [2022-05-26T16:14:03.646Z] >>> [apiv2][query] POST https://cloudresourcemanager.googleapis.com/v1/projects/my-assignment-12-a79f4:testIamPermissions [none]
[debug] [2022-05-26T16:14:03.646Z] >>> [apiv2][body] POST https://cloudresourcemanager.googleapis.com/v1/projects/my-assignment-12-a79f4:testIamPermissions {"permissions":["firebase.projects.get","firebasehosting.sites.update"]}
[debug] [2022-05-26T16:14:16.017Z] <<< [apiv2][status] POST https://cloudresourcemanager.googleapis.com/v1/projects/my-assignment-12-a79f4:testIamPermissions 200
[debug] [2022-05-26T16:14:16.017Z] <<< [apiv2][body] POST https://cloudresourcemanager.googleapis.com/v1/projects/my-assignment-12-a79f4:testIamPermissions {"permissions":["firebase.projects.get","firebasehosting.sites.update"]}
[debug] [2022-05-26T16:14:16.018Z] >>> [apiv2][query] GET https://firebase.googleapis.com/v1beta1/projects/my-assignment-12-a79f4 [none]
[debug] [2022-05-26T16:14:27.134Z] Failed to make request to https://firebase.googleapis.com/v1beta1/projects/my-assignment-12-a79f4
[debug] [2022-05-26T16:14:52.959Z] FirebaseError: Failed to make request to https://firebase.googleapis.com/v1beta1/projects/my-assignment-12-a79f4
    at RetryOperation._fn (C:\Users\Md. Saikat Hossain\AppData\Roaming\npm\node_modules\firebase-tools\lib\apiv2.js:240:31)
    at processTicksAndRejections (node:internal/process/task_queues:96:5)
[error] 
[error] Error: Failed to get Firebase project my-assignment-12-a79f4. Please make sure the project exists and your account has permission to access it.
[debug] [2022-05-26T16:15:07.298Z] ----------------------------------------------------------------------
[debug] [2022-05-26T16:15:07.300Z] Command:       C:\Program Files\nodejs\node.exe C:\Users\Md. Saikat Hossain\AppData\Roaming\npm\node_modules\firebase-tools\lib\bin\firebase.js deploy
[debug] [2022-05-26T16:15:07.300Z] CLI Version:   10.6.0
[debug] [2022-05-26T16:15:07.300Z] Platform:      win32
[debug] [2022-05-26T16:15:07.300Z] Node Version:  v16.13.1
[debug] [2022-05-26T16:15:07.301Z] Time:          Thu May 26 2022 22:15:07 GMT+0600 (Bangladesh Standard Time)
[debug] [2022-05-26T16:15:07.301Z] ----------------------------------------------------------------------
[debug] 
[debug] [2022-05-26T16:15:07.354Z] > command requires scopes: ["email","openid","https://www.googleapis.com/auth/cloudplatformprojects.readonly","https://www.googleapis.com/auth/firebase","https://www.googleapis.com/auth/cloud-platform"]
[debug] [2022-05-26T16:15:07.354Z] > authorizing via signed-in user (mdsaikathosan048@gmail.com)
[debug] [2022-05-26T16:15:07.354Z] [iam] checking project my-assignment-12-a79f4 for permissions ["firebase.projects.get","firebasehosting.sites.update"]
[debug] [2022-05-26T16:15:07.357Z] >>> [apiv2][query] POST https://cloudresourcemanager.googleapis.com/v1/projects/my-assignment-12-a79f4:testIamPermissions [none]
[debug] [2022-05-26T16:15:07.357Z] >>> [apiv2][body] POST https://cloudresourcemanager.googleapis.com/v1/projects/my-assignment-12-a79f4:testIamPermissions {"permissions":["firebase.projects.get","firebasehosting.sites.update"]}
[debug] [2022-05-26T16:15:18.525Z] [iam] error while checking permissions, command may fail: FirebaseError: Failed to make request to https://cloudresourcemanager.googleapis.com/v1/projects/my-assignment-12-a79f4:testIamPermissions
[debug] [2022-05-26T16:15:18.526Z] >>> [apiv2][query] GET https://firebase.googleapis.com/v1beta1/projects/my-assignment-12-a79f4 [none]
[debug] [2022-05-26T16:15:39.579Z] Failed to make request to https://firebase.googleapis.com/v1beta1/projects/my-assignment-12-a79f4
[debug] [2022-05-26T16:15:53.315Z] FirebaseError: Failed to make request to https://firebase.googleapis.com/v1beta1/projects/my-assignment-12-a79f4
    at RetryOperation._fn (C:\Users\Md. Saikat Hossain\AppData\Roaming\npm\node_modules\firebase-tools\lib\apiv2.js:240:31)
    at processTicksAndRejections (node:internal/process/task_queues:96:5)
[error] 
[error] Error: Failed to get Firebase project my-assignment-12-a79f4. Please make sure the project exists and your account has permission to access it.
